<?xml version="1.0" encoding="UTF-8"?>
<testsuite name="com.enestekin.routes.CreateUserRouteTest" tests="4" skipped="0" failures="0" errors="0" timestamp="2021-10-27T12:02:33" hostname="Eness-MacBook-Pro.local" time="1.037">
  <properties/>
  <testcase name="Create user , no body attached, responds with BadRequest" classname="com.enestekin.routes.CreateUserRouteTest" time="0.908"/>
  <testcase name="Create user , email is empty, responds with unsuccessful" classname="com.enestekin.routes.CreateUserRouteTest" time="0.08"/>
  <testcase name="Create user , user already exists, responds with unsuccessful" classname="com.enestekin.routes.CreateUserRouteTest" time="0.039"/>
  <testcase name="Create user , valid data, responds with successful" classname="com.enestekin.routes.CreateUserRouteTest" time="0.009"/>
  <system-out><![CDATA[2021-10-27 15:02:34.328 [Test worker] INFO  ktor.test - Autoreload is disabled because the development mode is off.
2021-10-27 15:02:34.344 [Test worker] INFO  ktor.test - Application started in 0.093 seconds.
2021-10-27 15:02:34.795 [DefaultDispatcher-worker-1 @request#1] DEBUG ktor.test - Conversion failed, null returned
io.ktor.features.CannotTransformContentToTypeException: Cannot transform this request's content to com.enestekin.data.requests.AccountAuthRequest
	at io.ktor.request.ApplicationReceiveFunctionsKt.receive(ApplicationReceiveFunctions.kt:121)
	at io.ktor.request.ApplicationReceiveFunctionsKt.receiveOrNull(ApplicationReceiveFunctions.kt:135)
	at com.enestekin.routes.UserRoutesKt$createUserRoute$1$1.invokeSuspend(UserRoutes.kt:97)
	at com.enestekin.routes.UserRoutesKt$createUserRoute$1$1.invoke(UserRoutes.kt)
	at com.enestekin.routes.UserRoutesKt$createUserRoute$1$1.invoke(UserRoutes.kt)
	at io.ktor.util.pipeline.SuspendFunctionGun.loop(SuspendFunctionGun.kt:248)
	at io.ktor.util.pipeline.SuspendFunctionGun.proceed(SuspendFunctionGun.kt:116)
	at io.ktor.util.pipeline.SuspendFunctionGun.execute(SuspendFunctionGun.kt:136)
	at io.ktor.util.pipeline.Pipeline.execute(Pipeline.kt:78)
	at io.ktor.routing.Routing.executeResult(Routing.kt:155)
	at io.ktor.routing.Routing.interceptor(Routing.kt:39)
	at io.ktor.routing.Routing$Feature$install$1.invokeSuspend(Routing.kt:107)
	at io.ktor.routing.Routing$Feature$install$1.invoke(Routing.kt)
	at io.ktor.routing.Routing$Feature$install$1.invoke(Routing.kt)
	at io.ktor.util.pipeline.SuspendFunctionGun.loop(SuspendFunctionGun.kt:248)
	at io.ktor.util.pipeline.SuspendFunctionGun.proceed(SuspendFunctionGun.kt:116)
	at io.ktor.util.pipeline.SuspendFunctionGun.execute(SuspendFunctionGun.kt:136)
	at io.ktor.util.pipeline.Pipeline.execute(Pipeline.kt:78)
	at io.ktor.server.testing.TestApplicationEngine$callInterceptor$1.invokeSuspend(TestApplicationEngine.kt:296)
	at io.ktor.server.testing.TestApplicationEngine$callInterceptor$1.invoke(TestApplicationEngine.kt)
	at io.ktor.server.testing.TestApplicationEngine$callInterceptor$1.invoke(TestApplicationEngine.kt)
	at io.ktor.server.testing.TestApplicationEngine$2.invokeSuspend(TestApplicationEngine.kt:50)
	at io.ktor.server.testing.TestApplicationEngine$2.invoke(TestApplicationEngine.kt)
	at io.ktor.server.testing.TestApplicationEngine$2.invoke(TestApplicationEngine.kt)
	at io.ktor.util.pipeline.SuspendFunctionGun.loop(SuspendFunctionGun.kt:248)
	at io.ktor.util.pipeline.SuspendFunctionGun.proceed(SuspendFunctionGun.kt:116)
	at io.ktor.util.pipeline.SuspendFunctionGun.execute(SuspendFunctionGun.kt:136)
	at io.ktor.util.pipeline.Pipeline.execute(Pipeline.kt:78)
	at io.ktor.server.testing.TestApplicationEngine$handleRequest$pipelineJob$1.invokeSuspend(TestApplicationEngine.kt:295)
	at kotlin.coroutines.jvm.internal.BaseContinuationImpl.resumeWith(ContinuationImpl.kt:33)
	at kotlinx.coroutines.DispatchedTask.run(DispatchedTask.kt:106)
	at kotlinx.coroutines.scheduling.CoroutineScheduler.runSafely(CoroutineScheduler.kt:571)
	at kotlinx.coroutines.scheduling.CoroutineScheduler$Worker.executeTask(CoroutineScheduler.kt:750)
	at kotlinx.coroutines.scheduling.CoroutineScheduler$Worker.runWorker(CoroutineScheduler.kt:678)
	at kotlinx.coroutines.scheduling.CoroutineScheduler$Worker.run(CoroutineScheduler.kt:665)
2021-10-27 15:02:34.859 [Test worker @coroutine#3] INFO  ktor.test - Autoreload is disabled because the development mode is off.
2021-10-27 15:02:34.860 [Test worker @coroutine#3] INFO  ktor.test - Application started in 0.001 seconds.
  
2021-10-27 15:02:34.968 [Test worker @coroutine#8] INFO  ktor.test - Autoreload is disabled because the development mode is off.
2021-10-27 15:02:34.968 [Test worker @coroutine#8] INFO  ktor.test - Application started in 0.001 seconds.
test@test.com  asd
2021-10-27 15:02:34.977 [Test worker] INFO  ktor.test - Autoreload is disabled because the development mode is off.
2021-10-27 15:02:34.978 [Test worker] INFO  ktor.test - Application started in 0.001 seconds.
test@test.com  test
]]></system-out>
  <system-err><![CDATA[]]></system-err>
</testsuite>
